c:\neco-art-online\neco art online\x64\debug\vc143.pdb
c:\neco-art-online\neco art online\x64\debug\vc143.idb
c:\neco-art-online\neco art online\x64\debug\vec3.obj
c:\neco-art-online\neco art online\x64\debug\titlescene.obj
c:\neco-art-online\neco art online\x64\debug\scenemanager.obj
c:\neco-art-online\neco art online\x64\debug\scene.obj
c:\neco-art-online\neco art online\x64\debug\player.obj
c:\neco-art-online\neco art online\x64\debug\main.obj
c:\neco-art-online\neco art online\x64\debug\input.obj
c:\neco-art-online\neco art online\x64\debug\gamescene.obj
c:\neco-art-online\neco art online\x64\debug\objectmanager.obj
c:\neco-art-online\neco art online\x64\debug\objectbase.obj
c:\neco-art-online\neco art online\x64\debug\collision.obj
c:\neco-art-online\neco art online\x64\debug\camera.obj
c:\neco-art-online\neco art online\x64\debug\characterbase.obj
c:\neco-art-online\neco art online\x64\debug\model.obj
c:\neco-art-online\neco art online\x64\debug\neco art online.exe
c:\neco-art-online\neco art online\x64\debug\neco art online.ilk
c:\neco-art-online\neco art online\x64\debug\neco art online.pdb
c:\neco-art-online\neco art online\x64\debug\neco art online.tlog\cl.command.1.tlog
c:\neco-art-online\neco art online\x64\debug\neco art online.tlog\cl.read.1.tlog
c:\neco-art-online\neco art online\x64\debug\neco art online.tlog\cl.write.1.tlog
c:\neco-art-online\neco art online\x64\debug\neco art online.tlog\link.command.1.tlog
c:\neco-art-online\neco art online\x64\debug\neco art online.tlog\link.read.1.tlog
c:\neco-art-online\neco art online\x64\debug\neco art online.tlog\link.write.1.tlog
